<testsuites id="" name="" tests="81" failures="0" skipped="0" errors="0" time="76.232221">
<testsuite name="auth.spec.ts" timestamp="2026-04-04T12:58:20.427Z" hostname="chromium" tests="11" failures="0" skipped="0" time="4.675" errors="0">
<testcase name="Login — wrong credentials › wrong password shows error and form stays usable" classname="auth.spec.ts" time="0.768">
</testcase>
<testcase name="Login — wrong credentials › nonexistent username shows error and stays on login page" classname="auth.spec.ts" time="0.336">
</testcase>
<testcase name="Login — wrong credentials › empty username and password shows error" classname="auth.spec.ts" time="0.337">
</testcase>
<testcase name="Login — navigation links › register link on login page navigates to /register" classname="auth.spec.ts" time="0.309">
</testcase>
<testcase name="Registration — happy path flow › registers a new user, redirects to login, then logs in successfully" classname="auth.spec.ts" time="0.579">
</testcase>
<testcase name="Registration — error edge cases › mismatched passwords show inline error and form stays on /register" classname="auth.spec.ts" time="0.347">
</testcase>
<testcase name="Registration — error edge cases › invalid email format shows inline error and stays on /register" classname="auth.spec.ts" time="0.344">
</testcase>
<testcase name="Registration — error edge cases › duplicate username shows conflict error from backend" classname="auth.spec.ts" time="0.343">
</testcase>
<testcase name="Registration — error edge cases › password too short shows inline validation error" classname="auth.spec.ts" time="0.351">
</testcase>
<testcase name="Registration — error edge cases › login link on register page navigates to /login" classname="auth.spec.ts" time="0.355">
</testcase>
<testcase name="Logout flow — dashboard › logout button on dashboard clears session and redirects to home/login" classname="auth.spec.ts" time="0.606">
</testcase>
</testsuite>
<testsuite name="forum.spec.ts" timestamp="2026-04-04T12:58:20.427Z" hostname="chromium" tests="23" failures="0" skipped="0" time="36.906" errors="0">
<testcase name="Thread creation flow › navigates from forum index to new-thread form and creates a thread" classname="forum.spec.ts" time="0.748">
</testcase>
<testcase name="Thread creation flow › title character counter updates as user types" classname="forum.spec.ts" time="0.346">
</testcase>
<testcase name="Thread creation flow › submit button is disabled when title is empty" classname="forum.spec.ts" time="0.354">
</testcase>
<testcase name="Thread title constraint flow › title over 200 chars — submit blocked or error shown" classname="forum.spec.ts" time="0.375">
</testcase>
<testcase name="Thread reply flow › adds a reply and it appears in the replies section" classname="forum.spec.ts" time="0.557">
</testcase>
<testcase name="Nested reply flow › nested reply appears inside parent reply after posting" classname="forum.spec.ts" time="2.676">
</testcase>
<testcase name="Nested reply flow › reply toggle shows/hides the nested reply form" classname="forum.spec.ts" time="0.588">
</testcase>
<testcase name="Vote flow › upvoting a reply increments its vote score" classname="forum.spec.ts" time="0.839">
</testcase>
<testcase name="Vote flow › vote badge is positioned at the top-right of the reply header" classname="forum.spec.ts" time="0.688">
</testcase>
<testcase name="Forum search flow › filters threads by search keyword" classname="forum.spec.ts" time="0.56">
</testcase>
<testcase name="Forum filter and sort flow › changing sort from newest to popular triggers a different ordering" classname="forum.spec.ts" time="3.536">
</testcase>
<testcase name="Forum delete thread flow › creates a thread then deletes it via API and verifies it is no longer accessible" classname="forum.spec.ts" time="0.698">
</testcase>
<testcase name="Forum layout redesign — vote badge › upvote-button and vote-score are visible on a reply" classname="forum.spec.ts" time="0.738">
</testcase>
<testcase name="Forum layout redesign — vote badge › vote badge is inside the reply header row (top-right position)" classname="forum.spec.ts" time="0.715">
</testcase>
<testcase name="Forum layout redesign — vote badge › clicking upvote-button on a reply increments the vote-score" classname="forum.spec.ts" time="0.839">
</testcase>
<testcase name="Forum layout redesign — reply header › reply-author-{id} shows the author username inline" classname="forum.spec.ts" time="0.671">
</testcase>
<testcase name="Forum layout redesign — reply header › reply author row contains depth indicator text" classname="forum.spec.ts" time="0.687">
</testcase>
<testcase name="Forum layout redesign — nesting left-border › nested reply (depth &gt; 0) has left-border class applied" classname="forum.spec.ts" time="2.848">
</testcase>
<testcase name="Forum layout redesign — nesting left-border › top-level reply does not have left-border class" classname="forum.spec.ts" time="2.832">
</testcase>
<testcase name="Forum layout redesign — collapse toggle › collapse toggle button is visible on nested reply with children" classname="forum.spec.ts" time="2.825">
</testcase>
<testcase name="Forum layout redesign — collapse toggle › reply-toggle-{id} button shows and hides the nested reply form" classname="forum.spec.ts" time="2.872">
</testcase>
<testcase name="Forum layout redesign — collapse toggle › collapse toggle (–/+) collapses and expands child replies" classname="forum.spec.ts" time="5.009">
</testcase>
<testcase name="Reply max depth constraint flow › reply toggle is absent at max nesting depth (depth 2 replies cannot be replied to)" classname="forum.spec.ts" time="4.905">
</testcase>
</testsuite>
<testsuite name="forumThreadDetail.spec.ts" timestamp="2026-04-04T12:58:20.427Z" hostname="chromium" tests="15" failures="0" skipped="0" time="8.379" errors="0">
<testcase name="Forum link visibility and navigation › forum link is visible on thread detail page for logged-in user" classname="forumThreadDetail.spec.ts" time="0.548">
</testcase>
<testcase name="Forum link visibility and navigation › forum link text is &apos;Forum&apos; on thread detail page" classname="forumThreadDetail.spec.ts" time="0.557">
</testcase>
<testcase name="Forum link visibility and navigation › forum link is visible for anonymous users on thread detail page" classname="forumThreadDetail.spec.ts" time="0.337">
</testcase>
<testcase name="Forum link visibility and navigation › clicking forum link navigates to /forum page" classname="forumThreadDetail.spec.ts" time="0.59">
</testcase>
<testcase name="Close Thread button styling › close thread button is visible only for moderator role" classname="forumThreadDetail.spec.ts" time="0.572">
</testcase>
<testcase name="Close Thread button styling › close thread button is visible for admin role" classname="forumThreadDetail.spec.ts" time="0.582">
</testcase>
<testcase name="Close Thread button styling › close thread button is not visible for regular user role" classname="forumThreadDetail.spec.ts" time="0.562">
</testcase>
<testcase name="Close Thread button styling › close thread button is not visible for anonymous user" classname="forumThreadDetail.spec.ts" time="0.306">
</testcase>
<testcase name="Close Thread button styling › close thread button shows &apos;Close Thread&apos; text for open thread" classname="forumThreadDetail.spec.ts" time="0.542">
</testcase>
<testcase name="Close Thread button styling › close thread button shows &apos;Reopen Thread&apos; text after closing" classname="forumThreadDetail.spec.ts" time="0.689">
</testcase>
<testcase name="Close Thread button styling › close thread button remains visible with correct text after reopening" classname="forumThreadDetail.spec.ts" time="0.795">
</testcase>
<testcase name="Close Thread button styling › close thread button text is readable after closing and reopening" classname="forumThreadDetail.spec.ts" time="0.839">
</testcase>
<testcase name="Thread detail page integration › thread detail page loads and displays content correctly" classname="forumThreadDetail.spec.ts" time="0.336">
</testcase>
<testcase name="Thread detail page integration › navigation bar shows forum link and profile link when logged in" classname="forumThreadDetail.spec.ts" time="0.541">
</testcase>
<testcase name="Thread detail page integration › forum link and profile link are both accessible on thread detail" classname="forumThreadDetail.spec.ts" time="0.583">
</testcase>
</testsuite>
<testsuite name="profile.spec.ts" timestamp="2026-04-04T12:58:20.427Z" hostname="chromium" tests="13" failures="0" skipped="0" time="6.044" errors="0">
<testcase name="User Profile Page Flow › 1. Login to dashboard to profile navigation › logs in with valid credentials and navigates from dashboard to profile" classname="profile.spec.ts" time="0.583">
</testcase>
<testcase name="User Profile Page Flow › 1. Login to dashboard to profile navigation › login page loads and rejects invalid credentials" classname="profile.spec.ts" time="0.522">
</testcase>
<testcase name="User Profile Page Flow › 2. Profile display flow › profile page shows account info, edit form, and avatar after load" classname="profile.spec.ts" time="0.365">
</testcase>
<testcase name="User Profile Page Flow › 2. Profile display flow › shows avatar placeholder when no avatar is set" classname="profile.spec.ts" time="0.435">
</testcase>
<testcase name="User Profile Page Flow › 3. Edit profile flow › fills edit form, saves, sees success alert, and data persists after reload" classname="profile.spec.ts" time="0.62">
</testcase>
<testcase name="User Profile Page Flow › 3b. Profile constraint error flows › displayName input enforces max 100 character limit via maxlength attribute" classname="profile.spec.ts" time="0.373">
</testcase>
<testcase name="User Profile Page Flow › 3b. Profile constraint error flows › bio input enforces max 500 character limit via maxlength attribute" classname="profile.spec.ts" time="0.384">
</testcase>
<testcase name="User Profile Page Flow › 3b. Profile constraint error flows › shows error alert when profile update API returns 500" classname="profile.spec.ts" time="0.543">
</testcase>
<testcase name="User Profile Page Flow › 4. Avatar upload flow › uploading a valid image shows success alert and updates avatar preview" classname="profile.spec.ts" time="0.473">
</testcase>
<testcase name="User Profile Page Flow › 4. Avatar upload flow › avatar &gt; 5MB shows error — upload rejected" classname="profile.spec.ts" time="0.398">
</testcase>
<testcase name="User Profile Page Flow › 4b. Avatar delete flow › delete avatar button removes the avatar and shows placeholder" classname="profile.spec.ts" time="0.531">
</testcase>
<testcase name="User Profile Page Flow › 5. Logout flow › logout button visible on profile page and clicking it redirects to home/login" classname="profile.spec.ts" time="0.47">
</testcase>
<testcase name="User Profile Page Flow › Error scenarios › shows error alert when profile API returns 404" classname="profile.spec.ts" time="0.347">
</testcase>
</testsuite>
<testsuite name="rbac.spec.ts" timestamp="2026-04-04T12:58:20.427Z" hostname="chromium" tests="7" failures="0" skipped="0" time="4.495" errors="0">
<testcase name="RBAC — Moderator can close threads › moderator sees Close Thread button on thread detail" classname="rbac.spec.ts" time="0.602">
</testcase>
<testcase name="RBAC — Moderator can close threads › regular user does not see Close Thread button" classname="rbac.spec.ts" time="0.555">
</testcase>
<testcase name="RBAC — Moderator can close threads › moderator closes thread — CLOSED badge appears and reply form disappears" classname="rbac.spec.ts" time="0.708">
</testcase>
<testcase name="RBAC — Moderator can delete replies › moderator sees delete button on replies" classname="rbac.spec.ts" time="0.659">
</testcase>
<testcase name="RBAC — Moderator can delete replies › regular user does not see delete button on replies" classname="rbac.spec.ts" time="0.644">
</testcase>
<testcase name="RBAC — Closed thread shows error for reply attempt › closed thread shows CLOSED badge" classname="rbac.spec.ts" time="0.652">
</testcase>
<testcase name="RBAC — Closed thread shows error for reply attempt › closed thread shows closed message and no reply form for logged-in user" classname="rbac.spec.ts" time="0.675">
</testcase>
</testsuite>
<testsuite name="user-journey.spec.ts" timestamp="2026-04-04T12:58:20.427Z" hostname="chromium" tests="12" failures="0" skipped="0" time="13.313" errors="0">
<testcase name="Full user journey: register → login → forum → create thread → reply → vote › end-to-end journey completes without errors" classname="user-journey.spec.ts" time="1.403">
</testcase>
<testcase name="Forum navigation from dashboard › forum link in dashboard nav goes to /forum and shows thread list" classname="user-journey.spec.ts" time="0.561">
</testcase>
<testcase name="Forum category filter flow › clicking a category filter shows only threads for that category" classname="user-journey.spec.ts" time="0.868">
</testcase>
<testcase name="Thread voting flow › upvoting a thread increments its score" classname="user-journey.spec.ts" time="0.783">
</testcase>
<testcase name="Thread voting flow › downvoting a thread decrements its score" classname="user-journey.spec.ts" time="1.242">
</testcase>
<testcase name="Thread voting flow › upvoting then downvoting returns score to original" classname="user-journey.spec.ts" time="1.943">
</testcase>
<testcase name="Profile update journey › login → navigate to profile via dashboard → update profile → verify persisted" classname="user-journey.spec.ts" time="1.138">
</testcase>
<testcase name="Forum thread detail — public access › thread detail page is accessible without login" classname="user-journey.spec.ts" time="0.727">
</testcase>
<testcase name="Forum thread detail — public access › forum index loads without authentication and shows thread list" classname="user-journey.spec.ts" time="0.351">
</testcase>
<testcase name="Forum search to detail flow › search finds thread → clicking title navigates to detail page" classname="user-journey.spec.ts" time="1.244">
</testcase>
<testcase name="Reply content constraint flow › reply content over 2000 chars shows error on submit attempt" classname="user-journey.spec.ts" time="1.591">
</testcase>
<testcase name="Reply content constraint flow › reply content counter shows character count" classname="user-journey.spec.ts" time="1.462">
</testcase>
</testsuite>
</testsuites>